Using pre-set license
Built from '2020.3/staging' branch; Version is '2020.3.32f1 (12f8b0834f07) revision 1243312'; Using compiler version '192528614'; Build Type 'Release'
OS: 'Windows 10  (10.0.19044) 64bit Professional' Language: 'ko' Physical Memory: 16125 MB
BatchMode: 1, IsHumanControllingUs: 0, StartBugReporterOnCrash: 0, Is64bit: 1, IsPro: 0

COMMAND LINE ARGUMENTS:
C:\Program Files\Unity\Hub\Editor\2020.3.32f1\Editor\Unity.exe
-adb2
-batchMode
-noUpm
-name
AssetImportWorker0
-projectPath
C:/NGUI_UNITY/NGUI_Arisu
-logFile
Logs/AssetImportWorker0.log
-srvPort
62385
Successfully changed project path to: C:/NGUI_UNITY/NGUI_Arisu
C:/NGUI_UNITY/NGUI_Arisu
Using Asset Import Pipeline V2.
Refreshing native plugins compatible for Editor in 58.34 ms, found 4 plugins.
Preloading 0 native plugins for Editor in 0.00 ms.
Initialize engine version: 2020.3.32f1 (12f8b0834f07)
[Subsystems] Discovering subsystems at path C:/Program Files/Unity/Hub/Editor/2020.3.32f1/Editor/Data/Resources/UnitySubsystems
[Subsystems] Discovering subsystems at path C:/NGUI_UNITY/NGUI_Arisu/Assets
GfxDevice: creating device client; threaded=0
Direct3D:
    Version:  Direct3D 11.0 [level 11.1]
    Renderer: NVIDIA GeForce RTX 3060 Laptop GPU (ID=0x2520)
    Vendor:   
    VRAM:     6023 MB
    Driver:   30.0.15.1165
Initialize mono
Mono path[0] = 'C:/Program Files/Unity/Hub/Editor/2020.3.32f1/Editor/Data/Managed'
Mono path[1] = 'C:/Program Files/Unity/Hub/Editor/2020.3.32f1/Editor/Data/MonoBleedingEdge/lib/mono/unityjit'
Mono config path = 'C:/Program Files/Unity/Hub/Editor/2020.3.32f1/Editor/Data/MonoBleedingEdge/etc'
Using monoOptions --debugger-agent=transport=dt_socket,embedding=1,server=y,suspend=n,address=127.0.0.1:56100
Begin MonoManager ReloadAssembly
Registering precompiled unity dll's ...
Register platform support module: C:/Program Files/Unity/Hub/Editor/2020.3.32f1/Editor/Data/PlaybackEngines/WindowsStandaloneSupport/UnityEditor.WindowsStandalone.Extensions.dll
Registered in 0.001512 seconds.
Native extension for WindowsStandalone target not found
Refreshing native plugins compatible for Editor in 52.06 ms, found 4 plugins.
Preloading 0 native plugins for Editor in 0.00 ms.
Mono: successfully reloaded assembly
- Completed reload, in  0.602 seconds
Domain Reload Profiling:
	ReloadAssembly (603ms)
		BeginReloadAssembly (48ms)
			ExecutionOrderSort (0ms)
			DisableScriptedObjects (0ms)
			BackupInstance (0ms)
			ReleaseScriptingObjects (0ms)
			CreateAndSetChildDomain (1ms)
		EndReloadAssembly (483ms)
			LoadAssemblies (46ms)
			RebuildTransferFunctionScriptingTraits (0ms)
			SetupTypeCache (159ms)
			ReleaseScriptCaches (0ms)
			RebuildScriptCaches (30ms)
			SetupLoadedEditorAssemblies (180ms)
				LogAssemblyErrors (0ms)
				InitializePlatformSupportModulesInManaged (3ms)
				SetLoadedEditorAssemblies (0ms)
				RefreshPlugins (52ms)
				BeforeProcessingInitializeOnLoad (11ms)
				ProcessInitializeOnLoadAttributes (84ms)
				ProcessInitializeOnLoadMethodAttributes (29ms)
				AfterProcessingInitializeOnLoad (0ms)
				EditorAssembliesLoaded (0ms)
			ExecutionOrderSort2 (0ms)
			AwakeInstancesAfterBackupRestoration (0ms)
Platform modules already initialized, skipping
Registering precompiled user dll's ...
Registered in 0.003868 seconds.
Begin MonoManager ReloadAssembly
Native extension for WindowsStandalone target not found
Refreshing native plugins compatible for Editor in 51.38 ms, found 4 plugins.
Preloading 0 native plugins for Editor in 0.00 ms.
Mono: successfully reloaded assembly
- Completed reload, in  0.986 seconds
Domain Reload Profiling:
	ReloadAssembly (986ms)
		BeginReloadAssembly (147ms)
			ExecutionOrderSort (0ms)
			DisableScriptedObjects (5ms)
			BackupInstance (0ms)
			ReleaseScriptingObjects (0ms)
			CreateAndSetChildDomain (19ms)
		EndReloadAssembly (791ms)
			LoadAssemblies (86ms)
			RebuildTransferFunctionScriptingTraits (0ms)
			SetupTypeCache (254ms)
			ReleaseScriptCaches (1ms)
			RebuildScriptCaches (46ms)
			SetupLoadedEditorAssemblies (316ms)
				LogAssemblyErrors (0ms)
				InitializePlatformSupportModulesInManaged (3ms)
				SetLoadedEditorAssemblies (0ms)
				RefreshPlugins (51ms)
				BeforeProcessingInitializeOnLoad (81ms)
				ProcessInitializeOnLoadAttributes (164ms)
				ProcessInitializeOnLoadMethodAttributes (13ms)
				AfterProcessingInitializeOnLoad (4ms)
				EditorAssembliesLoaded (0ms)
			ExecutionOrderSort2 (0ms)
			AwakeInstancesAfterBackupRestoration (5ms)
Platform modules already initialized, skipping
========================================================================
Worker process is ready to serve import requests
Launched and connected shader compiler UnityShaderCompiler.exe after 0.03 seconds
Refreshing native plugins compatible for Editor in 0.51 ms, found 4 plugins.
Preloading 0 native plugins for Editor in 0.00 ms.
Unloading 2469 Unused Serialized files (Serialized files now loaded: 0)
System memory in use before: 111.2 MB.
System memory in use after: 111.2 MB.

Unloading 35 unused Assets to reduce memory usage. Loaded Objects now: 2899.
Total: 2.497400 ms (FindLiveObjects: 0.123800 ms CreateObjectMapping: 0.040600 ms MarkObjects: 2.191300 ms  DeleteObjects: 0.141400 ms)

AssetImportParameters requested are different than current active one (requested -> active):
  custom:framework-win-MediaFoundation: 216162199b28c13a410421893ffa2e32 -> 
  custom:video-decoder-ogg-theora: a1e56fd34408186e4bbccfd4996cb3dc -> 
  custom:container-muxer-webm: aa71ff27fc2769a1b78a27578f13a17b -> 
  custom:container-demuxer-webm: 4f35f7cbe854078d1ac9338744f61a02 -> 
  custom:container-demuxer-ogg: 62fdf1f143b41e24485cea50d1cbac27 -> 
  custom:video-encoder-webm-vp8: eb34c28f22e8b96e1ab97ce403110664 -> 
  custom:video-codec-MediaFoundation-h265: 746d11721c4dcdbdad8f713fa42b33f4 -> 
  custom:video-decoder-webm-vp8: 9c59270c3fd7afecdb556c50c9e8de78 -> 
  custom:audio-decoder-ogg-vorbis: bf7c407c2cedff20999df2af8eb42d56 -> 
  custom:audio-encoder-webm-vorbis: bf7c407c2cedff20999df2af8eb42d56 -> 
========================================================================
Received Import Request.
  path: Assets/Image/1. Main/2. Main/img_step.png
  artifactKey: Guid(edb769bee22f2b64daa26409abd78344) Importer(815301076,1909f56bfc062723c751e8b465ee728b)
Start importing Assets/Image/1. Main/2. Main/img_step.png using Guid(edb769bee22f2b64daa26409abd78344) Importer(815301076,1909f56bfc062723c751e8b465ee728b)  -> (artifact id: '0ce615f52a33df0da807be36047d2451') in 0.097642 seconds 
========================================================================
Received Import Request.
  Time since last request: 0.000285 seconds.
  path: Assets/Image/1. Main/2. Main/home_card_glow.png
  artifactKey: Guid(84b4706f7ce97894186bc14844b7fa03) Importer(815301076,1909f56bfc062723c751e8b465ee728b)
Start importing Assets/Image/1. Main/2. Main/home_card_glow.png using Guid(84b4706f7ce97894186bc14844b7fa03) Importer(815301076,1909f56bfc062723c751e8b465ee728b)  -> (artifact id: 'e1472b2dc6785d9d5a668014b458358f') in 0.035676 seconds 
========================================================================
Received Import Request.
  Time since last request: 0.000133 seconds.
  path: Assets/Image/1. Main/2. Main/icon_crown.png
  artifactKey: Guid(7391f08d929f17943ae4ce3e4d3d86bd) Importer(815301076,1909f56bfc062723c751e8b465ee728b)
Start importing Assets/Image/1. Main/2. Main/icon_crown.png using Guid(7391f08d929f17943ae4ce3e4d3d86bd) Importer(815301076,1909f56bfc062723c751e8b465ee728b)  -> (artifact id: '8f09fbd8788c822a76f2aec3669aeaac') in 0.038268 seconds 
========================================================================
Received Import Request.
  Time since last request: 0.000210 seconds.
  path: Assets/Image/1. Main/2. Main/Step 1.png
  artifactKey: Guid(42b6fcf5c66aa7a49a0c6c70c29eb70f) Importer(815301076,1909f56bfc062723c751e8b465ee728b)
Start importing Assets/Image/1. Main/2. Main/Step 1.png using Guid(42b6fcf5c66aa7a49a0c6c70c29eb70f) Importer(815301076,1909f56bfc062723c751e8b465ee728b)  -> (artifact id: '3d03085aed96a040d434f8e6dc42bd9d') in 0.036375 seconds 
========================================================================
Received Import Request.
  Time since last request: 0.000413 seconds.
  path: Assets/Image/1. Main/2. Main
  artifactKey: Guid(544dfd3f8f7b0aa4083f0434ad5d01ce) Importer(815301076,1909f56bfc062723c751e8b465ee728b)
Start importing Assets/Image/1. Main/2. Main using Guid(544dfd3f8f7b0aa4083f0434ad5d01ce) Importer(815301076,1909f56bfc062723c751e8b465ee728b)  -> (artifact id: 'a7529f9d7142c989821a1124cf15257d') in 0.005136 seconds 
========================================================================
Received Import Request.
  Time since last request: 0.000135 seconds.
  path: Assets/Image/1. Main/2. Main/img_step_locked.png
  artifactKey: Guid(f2ea4608382ae7144972885e82653276) Importer(815301076,1909f56bfc062723c751e8b465ee728b)
Start importing Assets/Image/1. Main/2. Main/img_step_locked.png using Guid(f2ea4608382ae7144972885e82653276) Importer(815301076,1909f56bfc062723c751e8b465ee728b)  -> (artifact id: 'e5c205bccdab46c8afeb1090dfd9f241') in 0.027673 seconds 
========================================================================
Received Import Request.
  Time since last request: 0.000464 seconds.
  path: Assets/Image/1. Main/2. Main/Step 2.png
  artifactKey: Guid(63d0f588b73e42e49bf9cd2e9269afdc) Importer(815301076,1909f56bfc062723c751e8b465ee728b)
Start importing Assets/Image/1. Main/2. Main/Step 2.png using Guid(63d0f588b73e42e49bf9cd2e9269afdc) Importer(815301076,1909f56bfc062723c751e8b465ee728b)  -> (artifact id: '454d4a716fb1dc9df95cec030064c6cb') in 0.036749 seconds 
========================================================================
Received Import Request.
  Time since last request: 0.000251 seconds.
  path: Assets/Image/1. Main/2. Main/step_effect_light.png
  artifactKey: Guid(7701f3d58a5d2b64bad8946409b641fd) Importer(815301076,1909f56bfc062723c751e8b465ee728b)
Start importing Assets/Image/1. Main/2. Main/step_effect_light.png using Guid(7701f3d58a5d2b64bad8946409b641fd) Importer(815301076,1909f56bfc062723c751e8b465ee728b)  -> (artifact id: 'f5ceb8b194c45440acad9917cb6abc69') in 0.031111 seconds 
========================================================================
Received Import Request.
  Time since last request: 0.000145 seconds.
  path: Assets/Image/1. Main/2. Main/user_box.png
  artifactKey: Guid(cfb444085bcea2c49b12bec9f25ee894) Importer(815301076,1909f56bfc062723c751e8b465ee728b)
Start importing Assets/Image/1. Main/2. Main/user_box.png using Guid(cfb444085bcea2c49b12bec9f25ee894) Importer(815301076,1909f56bfc062723c751e8b465ee728b)  -> (artifact id: '8210fdd4c48c838c5b34a79ab749822d') in 0.027038 seconds 
